\BOOKMARK [1][-]{section.1}{\376\377\000C\000o\000n\000t\000e\000x\000t\000e\000\040\000e\000t\000\040\000o\000b\000j\000e\000c\000t\000i\000f\000s}{}% 1
\BOOKMARK [1][-]{section.2}{\376\377\000E\000x\000p\000l\000o\000r\000a\000t\000i\000o\000n}{}% 2
\BOOKMARK [2][-]{subsection.2.1}{\376\377\000D\000o\000n\000n\000\351\000e\000s\000\040\000e\000t\000\040\000p\000r\000i\000n\000c\000i\000p\000e\000s}{section.2}% 3
\BOOKMARK [2][-]{subsection.2.2}{\376\377\000O\000u\000t\000i\000l\000s\000\040\000m\000i\000s\000\040\000e\000n\000\040\001\123\000u\000v\000r\000e}{section.2}% 4
\BOOKMARK [2][-]{subsection.2.3}{\376\377\000O\000r\000g\000a\000n\000i\000s\000a\000t\000i\000o\000n\000\040\000d\000e\000s\000\040\000s\000o\000r\000t\000i\000e\000s}{section.2}% 5
\BOOKMARK [2][-]{subsection.2.4}{\376\377\000R\000\351\000s\000u\000l\000t\000a\000t\000s\000\040\000i\000l\000l\000u\000s\000t\000r\000\351\000s\000\040\000\050\000s\000\351\000l\000e\000c\000t\000i\000o\000n\000\051}{section.2}% 6
\BOOKMARK [3][-]{subsubsection.2.4.1}{\376\377\000U\000n\000i\000v\000a\000r\000i\000\351}{subsection.2.4}% 7
\BOOKMARK [3][-]{subsubsection.2.4.2}{\376\377\000C\000o\000r\000r\000\351\000l\000a\000t\000i\000o\000n\000s\000\040\000e\000n\000t\000r\000e\000\040\000v\000a\000r\000i\000a\000b\000l\000e\000s\000\040\000n\000u\000m\000\351\000r\000i\000q\000u\000e\000s}{subsection.2.4}% 8
\BOOKMARK [3][-]{subsubsection.2.4.3}{\376\377\000A\000s\000s\000o\000c\000i\000a\000t\000i\000o\000n\000s\000\040\000q\000u\000a\000n\000t\000i\040\023\000q\000u\000a\000n\000t\000i\000\040\000\050\000n\000u\000a\000g\000e\000s\000\040\000d\000e\000\040\000p\000o\000i\000n\000t\000s\000\051}{subsection.2.4}% 9
\BOOKMARK [3][-]{subsubsection.2.4.4}{\376\377\000Q\000u\000a\000n\000t\000i\040\023\000q\000u\000a\000l\000i\000\040\000:\000\040\000b\000o\000\356\000t\000e\000s\000\040\000\340\000\040\000m\000o\000u\000s\000t\000a\000c\000h\000e\000s}{subsection.2.4}% 10
\BOOKMARK [2][-]{subsection.2.5}{\376\377\000S\000y\000n\000t\000h\000\350\000s\000e\000\040\000e\000t\000\040\000l\000i\000m\000i\000t\000e\000s\000\040\000d\000e\000\040\000c\000e\000t\000t\000e\000\040\000p\000h\000a\000s\000e}{section.2}% 11
\BOOKMARK [1][-]{section.3}{\376\377\000N\000e\000t\000t\000o\000y\000a\000g\000e}{}% 12
\BOOKMARK [2][-]{subsection.3.1}{\376\377\000C\000e\000s\000\040\000d\000o\000n\000n\000\351\000e\000s\000\040\000n\000\351\000c\000e\000s\000s\000i\000t\000e\000n\000t\000-\000e\000l\000l\000e\000s\000\040\000u\000n\000\040\000n\000e\000t\000t\000o\000y\000a\000g\000e\000\040\000?}{section.3}% 13
\BOOKMARK [2][-]{subsection.3.2}{\376\377\000F\000a\000u\000t\000-\000i\000l\000\040\000\351\000c\000a\000r\000t\000e\000r\000\040\000c\000e\000r\000t\000a\000i\000n\000e\000s\000\040\000i\000n\000s\000t\000a\000n\000c\000e\000s\000\040\000q\000u\000i\000\040\000n\000e\000\040\000s\000o\000n\000t\000\040\000p\000a\000s\000\040\000l\000i\000\351\000e\000s\000\040\000a\000u\000\040\000p\000r\000o\000b\000l\000\350\000m\000e\000\040\000?}{section.3}% 14
\BOOKMARK [2][-]{subsection.3.3}{\376\377\000S\000u\000r\000\040\000q\000u\000o\000i\000\040\000s\000e\000\040\000b\000a\000s\000e\000-\000t\000-\000o\000n\000\040\000p\000o\000u\000r\000\040\000p\000r\000e\000n\000d\000r\000e\000\040\000c\000e\000t\000t\000e\000\040\000d\000\351\000c\000i\000s\000i\000o\000n\000\040\000?}{section.3}% 15
\BOOKMARK [2][-]{subsection.3.4}{\376\377\000Y\000\040\000a\000-\000t\000-\000i\000l\000\040\000d\000e\000s\000\040\000v\000a\000l\000e\000u\000r\000s\000\040\000m\000a\000n\000q\000u\000a\000n\000t\000e\000s\000\040\000?}{section.3}% 16
\BOOKMARK [2][-]{subsection.3.5}{\376\377\000Y\000\040\000a\000-\000t\000-\000i\000l\000\040\000d\000e\000s\000\040\000v\000a\000l\000e\000u\000r\000s\000\040\000a\000b\000e\000r\000r\000a\000n\000t\000e\000s\000\040\000?}{section.3}% 17
\BOOKMARK [2][-]{subsection.3.6}{\376\377\000Y\000\040\000a\000-\000t\000-\000i\000l\000\040\000d\000e\000s\000\040\000a\000t\000t\000r\000i\000b\000u\000t\000s\000\040\000r\000e\000d\000o\000n\000d\000a\000n\000t\000s\000\040\000?}{section.3}% 18
\BOOKMARK [2][-]{subsection.3.7}{\376\377\000Y\000\040\000a\000-\000t\000-\000i\000l\000\040\000d\000e\000s\000\040\000a\000t\000t\000r\000i\000b\000u\000t\000s\000\040\000s\000u\000p\000e\000r\000f\000l\000u\000s\000\040\000?}{section.3}% 19
\BOOKMARK [2][-]{subsection.3.8}{\376\377\000L\000e\000s\000\040\000v\000a\000l\000e\000u\000r\000s\000\040\000n\000u\000m\000\351\000r\000i\000q\000u\000e\000s\000\040\000c\000o\000r\000r\000e\000s\000p\000o\000n\000d\000e\000n\000t\000-\000e\000l\000l\000e\000s\000\040\000\340\000\040\000d\000e\000s\000\040\000g\000r\000a\000n\000d\000e\000u\000r\000s\000\040\000m\000\351\000t\000r\000i\000q\000u\000e\000s\000,\000\040\000o\000r\000d\000i\000n\000a\000l\000e\000s\000\040\000o\000u\000\040\000c\000a\000t\000\351\000g\000o\000r\000i\000e\000l\000l\000e\000s\000\040\000?}{section.3}% 20
\BOOKMARK [2][-]{subsection.3.9}{\376\377\000C\000o\000m\000m\000e\000n\000t\000\040\000t\000r\000a\000i\000t\000e\000r\000\040\000c\000e\000s\000\040\000d\000i\000f\000f\000\351\000r\000e\000n\000t\000s\000\040\000p\000r\000o\000b\000l\000\350\000m\000e\000s\000\040\000?}{section.3}% 21
\BOOKMARK [1][-]{section.4}{\376\377\000C\000o\000n\000c\000a\000t\000\351\000n\000a\000t\000i\000o\000n}{}% 22
\BOOKMARK [2][-]{subsection.4.1}{\376\377\000F\000a\000u\000t\000-\000i\000l\000\040\000c\000o\000n\000c\000a\000t\000\351\000n\000e\000r\000\040\000l\000e\000s\000\040\000t\000a\000b\000l\000e\000s\000\040\000?}{section.4}% 23
\BOOKMARK [2][-]{subsection.4.2}{\376\377\000C\000o\000m\000m\000e\000n\000t\000\040\000c\000o\000n\000c\000a\000t\000\351\000n\000e\000r\000\040\000t\000e\000c\000h\000n\000i\000q\000u\000e\000m\000e\000n\000t\000\040\000?}{section.4}% 24
\BOOKMARK [2][-]{subsection.4.3}{\376\377\000R\000\351\000s\000u\000l\000t\000a\000t\000s\000\040\000d\000e\000\040\000l\000a\000\040\000c\000o\000n\000c\000a\000t\000\351\000n\000a\000t\000i\000o\000n\000\040\000e\000t\000\040\000l\000e\000c\000t\000u\000r\000e\000\040\000d\000e\000s\000c\000r\000i\000p\000t\000i\000v\000e}{section.4}% 25
\BOOKMARK [2][-]{subsection.4.4}{\376\377\000C\000h\000o\000i\000x\000\040\000p\000o\000u\000r\000\040\000l\000a\000\040\000m\000o\000d\000\351\000l\000i\000s\000a\000t\000i\000o\000n\000\040\000\050\000d\000i\000s\000t\000i\000n\000c\000t\000\040\000d\000e\000\040\000l\000a\000\040\000c\000o\000n\000c\000a\000t\000\351\000n\000a\000t\000i\000o\000n\000\040\000d\000\351\000j\000\340\000\040\000r\000\351\000a\000l\000i\000s\000\351\000e\000\051}{section.4}% 26
\BOOKMARK [1][-]{section.5}{\376\377\000R\000e\000c\000o\000d\000a\000g\000e}{}% 27
\BOOKMARK [2][-]{subsection.5.1}{\376\377\000P\000r\000i\000n\000c\000i\000p\000e\000s}{section.5}% 28
\BOOKMARK [2][-]{subsection.5.2}{\376\377\000T\000e\000s\000t\000e\000r\000\040\000l\000'\000e\000f\000f\000e\000t\000\040\000d\000u\000\040\000c\000o\000d\000a\000g\000e\000\040\000s\000u\000r\000\040\000l\000e\000s\000\040\000o\000u\000t\000i\000l\000s}{section.5}% 29
\BOOKMARK [1][-]{section.6}{\376\377\000P\000r\000\351\000t\000r\000a\000i\000t\000e\000m\000e\000n\000t}{}% 30
\BOOKMARK [2][-]{subsection.6.1}{\376\377\000R\000\351\000d\000u\000c\000t\000i\000o\000n\000\040\000d\000e\000\040\000d\000i\000m\000e\000n\000s\000i\000o\000n\000\040\000\050\000A\000C\000P\000\040\000/\000\040\000P\000C\000A\000\051}{section.6}% 31
\BOOKMARK [2][-]{subsection.6.2}{\376\377\000S\000\351\000l\000e\000c\000t\000i\000o\000n\000\040\000d\000e\000\040\000v\000a\000r\000i\000a\000b\000l\000e\000s\000\040\000\050\000S\000e\000l\000e\000c\000t\000K\000B\000e\000s\000t\000\051}{section.6}% 32
\BOOKMARK [2][-]{subsection.6.3}{\376\377\000C\000o\000m\000p\000a\000r\000a\000i\000s\000o\000n\000\040\000d\000e\000s\000\040\000a\000p\000p\000r\000o\000c\000h\000e\000s\000\040\000e\000t\000\040\000p\000a\000r\000a\000m\000\350\000t\000r\000e\000s}{section.6}% 33
\BOOKMARK [1][-]{section.7}{\376\377\000D\000\351\000c\000o\000u\000p\000a\000g\000e}{}% 34
\BOOKMARK [2][-]{subsection.7.1}{\376\377\000R\000\364\000l\000e\000s\000\040\000d\000e\000s\000\040\000t\000r\000o\000i\000s\000\040\000j\000e\000u\000x}{section.7}% 35
\BOOKMARK [2][-]{subsection.7.2}{\376\377\000M\000i\000s\000e\000\040\000e\000n\000\040\001\123\000u\000v\000r\000e\000\040\000\050\000d\000e\000c\000o\000u\000p\000a\000g\000e\000.\000p\000y\000\051}{section.7}% 36
\BOOKMARK [2][-]{subsection.7.3}{\376\377\000P\000r\000\351\000c\000a\000u\000t\000i\000o\000n}{section.7}% 37
\BOOKMARK [1][-]{section.8}{\376\377\000R\000\351\000p\000a\000r\000t\000i\000t\000i\000o\000n\000\040\000d\000u\000\040\000t\000r\000a\000v\000a\000i\000l\000\040\000\050\000p\000h\000a\000s\000e\000\040\000E\000x\000p\000l\000o\000r\000a\000t\000i\000o\000n\000\051}{}% 38
